<?xml version="1.0" encoding="UTF-8"?>
<!-- Generated by org.testng.reporters.JUnitXMLReporter -->
<testsuite ignored="0" hostname="Sunnys-Air.domain.name" failures="3" tests="3" name="Default test" time="15.789" errors="0" timestamp="2024-01-05T13:50:14 IST">
  <testcase classname="io.cucumber.testng.AbstractTestNGCucumberTests" name="runScenario" time="7.901">
    <failure type="java.lang.NullPointerException" message="Cannot invoke &amp;quot;pages.soucedemo.HomePage.validateTitle(String)&amp;quot; because &amp;quot;this.homePage&amp;quot; is null">
      <![CDATA[java.lang.NullPointerException: Cannot invoke "pages.soucedemo.HomePage.validateTitle(String)" because "this.homePage" is null
at soucedemo.LoginTest.validate_title_with(LoginTest.java:56)
at ✽.validate title with "Swag Labs"(file:///Users/sunnybharne/code/AutomationFramework/src/test/resources/features/soucedemo/login.feature:9)
]]>
    </failure>
  </testcase> <!-- runScenario -->
  <testcase classname="io.cucumber.testng.AbstractTestNGCucumberTests" name="runScenario" time="3.67">
    <failure type="java.lang.NullPointerException" message="Cannot invoke &amp;quot;pages.soucedemo.HomePage.validateTitle(String)&amp;quot; because &amp;quot;this.homePage&amp;quot; is null">
      <![CDATA[java.lang.NullPointerException: Cannot invoke "pages.soucedemo.HomePage.validateTitle(String)" because "this.homePage" is null
at soucedemo.LoginTest.validate_title_with(LoginTest.java:56)
at ✽.validate title with "Swag Labs"(file:///Users/sunnybharne/code/AutomationFramework/src/test/resources/features/soucedemo/login.feature:17)
]]>
    </failure>
  </testcase> <!-- runScenario -->
  <testcase classname="io.cucumber.testng.AbstractTestNGCucumberTests" name="runScenario" time="3.685">
    <failure type="java.lang.NullPointerException" message="Cannot invoke &amp;quot;pages.soucedemo.HomePage.validateTitle(String)&amp;quot; because &amp;quot;this.homePage&amp;quot; is null">
      <![CDATA[java.lang.NullPointerException: Cannot invoke "pages.soucedemo.HomePage.validateTitle(String)" because "this.homePage" is null
at soucedemo.LoginTest.validate_title_with(LoginTest.java:56)
at ✽.validate title with "Swag Labs"(file:///Users/sunnybharne/code/AutomationFramework/src/test/resources/features/soucedemo/login.feature:25)
]]>
    </failure>
  </testcase> <!-- runScenario -->
</testsuite> <!-- Default test -->
