<?xml version="1.0" encoding="UTF-8"?>
<!-- Generated by org.testng.reporters.JUnitXMLReporter -->
<testsuite ignored="0" hostname="Sunnys-Air.domain.name" failures="1" tests="1" name="Test1" time="0.032" errors="0" timestamp="2023-12-17T21:12:50 IST">
  <testcase classname="testcases.DataDrivenTC" name="Excel" time="0.013">
    <failure type="java.lang.NoClassDefFoundError" message="org/apache/commons/io/output/UnsynchronizedByteArrayOutputStream">
      <![CDATA[java.lang.NoClassDefFoundError: org/apache/commons/io/output/UnsynchronizedByteArrayOutputStream
at testcases.DataDrivenTC.Excel(DataDrivenTC.java:20)
at java.base/java.util.ArrayList.forEach(ArrayList.java:1511)
Caused by: java.lang.ClassNotFoundException: org.apache.commons.io.output.UnsynchronizedByteArrayOutputStream
at java.base/jdk.internal.loader.BuiltinClassLoader.loadClass(BuiltinClassLoader.java:641)
at java.base/jdk.internal.loader.ClassLoaders$AppClassLoader.loadClass(ClassLoaders.java:188)
at java.base/java.lang.ClassLoader.loadClass(ClassLoader.java:525)
... 29 more
... Removed 27 stack frames]]>
    </failure>
  </testcase> <!-- Excel -->
</testsuite> <!-- Test1 -->
