<?xml version="1.0" encoding="UTF-8"?>
<testng-results ignored="0" total="1" passed="1" failed="0" skipped="0">
  <reporter-output>
  </reporter-output>
  <suite started-at="2023-09-06T14:20:05 IST" name="Data Driven Testing" finished-at="2023-09-06T14:20:05 IST" duration-ms="24">
    <groups>
    </groups>
    <test started-at="2023-09-06T14:20:05 IST" name="test testting" finished-at="2023-09-06T14:20:05 IST" duration-ms="24">
      <class name="com.amazon.testcase.TestTestcase">
        <test-method is-config="true" signature="setUp()[pri:0, instance:com.amazon.testcase.TestTestcase@49c90a9c]" started-at="2023-09-06T14:19:59 IST" name="setUp" finished-at="2023-09-06T14:20:05 IST" duration-ms="5411" status="PASS">
          <reporter-output>
          </reporter-output>
        </test-method> <!-- setUp -->
        <test-method signature="logininamazon()[pri:0, instance:com.amazon.testcase.TestTestcase@49c90a9c]" started-at="2023-09-06T14:20:05 IST" name="logininamazon" finished-at="2023-09-06T14:20:05 IST" duration-ms="3" status="PASS">
          <reporter-output>
          </reporter-output>
        </test-method> <!-- logininamazon -->
        <test-method is-config="true" signature="tearDown()[pri:0, instance:com.amazon.testcase.TestTestcase@49c90a9c]" started-at="2023-09-06T14:20:05 IST" name="tearDown" finished-at="2023-09-06T14:20:05 IST" duration-ms="110" status="PASS">
          <reporter-output>
          </reporter-output>
        </test-method> <!-- tearDown -->
      </class> <!-- com.amazon.testcase.TestTestcase -->
    </test> <!-- test testting -->
  </suite> <!-- Data Driven Testing -->
</testng-results>
