<?xml version="1.0" encoding="UTF-8"?>
<!-- Generated by org.testng.reporters.JUnitXMLReporter -->
<testsuite ignored="0" hostname="Sunnys-MacBook-Air.local" failures="1" tests="1" name="Search criteria" time="0.002" errors="0" timestamp="2023-09-06T17:20:37 IST">
  <testcase classname="com.amazon.testcase.SearchProducts" name="validateSearch" time="0.0">
    <failure type="org.testng.TestNGException" message="
Method public void com.amazon.testcase.SearchProducts.validateSearch(java.lang.String,java.lang.String) throws java.lang.InterruptedException requires a @DataProvider named : searchData">
      <![CDATA[org.testng.TestNGException: 
Method public void com.amazon.testcase.SearchProducts.validateSearch(java.lang.String,java.lang.String) throws java.lang.InterruptedException requires a @DataProvider named : searchData
at java.base/java.util.ArrayList.forEach(ArrayList.java:1511)
... Removed 24 stack frames]]>
    </failure>
  </testcase> <!-- validateSearch -->
</testsuite> <!-- Search criteria -->
