<?xml version="1.0" encoding="UTF-8"?>
<!-- Generated by org.testng.reporters.JUnitXMLReporter -->
<testsuite ignored="4" hostname="Sunnys-MacBook-Air.local" failures="0" tests="5" name="test testting" time="56.783" errors="0" timestamp="2023-09-06T22:38:04 IST">
  <testcase classname="com.amazon.testcase.AmazonLogin" name="logininAmazon" time="2.474"/>
  <testcase classname="com.amazon.data.providers.ObjectDataProvider" name="validateSearch" time="15.189"/>
  <testcase classname="com.amazon.data.providers.ObjectDataProvider" name="validateSearch" time="14.046"/>
  <testcase classname="com.amazon.data.providers.HashMapDataProvider" name="validateSearch" time="15.619"/>
  <testcase classname="com.amazon.data.providers.HashMapDataProvider" name="validateSearch" time="9.429"/>
  <testcase classname="com.amazon.base.Base" name="@AfterSuite tearDown" time="0.0">
    <ignored/>
  </testcase> <!-- @AfterSuite tearDown -->
  <testcase classname="com.amazon.base.Base" name="@BeforeSuite setUp" time="0.0">
    <ignored/>
  </testcase> <!-- @BeforeSuite setUp -->
  <testcase classname="com.amazon.base.Base" name="@BeforeSuite setUp" time="0.0">
    <ignored/>
  </testcase> <!-- @BeforeSuite setUp -->
  <testcase classname="com.amazon.base.Base" name="@AfterSuite tearDown" time="0.0">
    <ignored/>
  </testcase> <!-- @AfterSuite tearDown -->
</testsuite> <!-- test testting -->
